<?xml version="1.0" encoding="UTF-8"?>
<robot generated="20160919 12:36:55.413" generator="Robot 3.0 (Python 2.7.10 on win32)">
<suite source="C:\ROBOT\TestSuite\amazon_Module.txt" id="s1" name="amazon Module">
<test id="s1-t1" name="TC02_AddingItemsIntoCart">
<kw name="launch Browser" library="LoginPage">
<kw name="Log" library="BuiltIn">
<doc>Logs the given message with the given level.</doc>
<arguments>
<arg>****Opening Browser*****</arg>
</arguments>
<msg timestamp="20160919 12:36:56.202" level="INFO">****Opening Browser*****</msg>
<status status="PASS" endtime="20160919 12:36:56.202" starttime="20160919 12:36:56.202"></status>
</kw>
<kw name="Open Browser" library="Selenium2Library">
<doc>Opens a new browser instance to given URL.</doc>
<arguments>
<arg>${appURL}</arg>
<arg>${browserName}</arg>
</arguments>
<msg timestamp="20160919 12:36:56.202" level="INFO">Opening browser 'chrome' to base url 'https://www.amazon.in'</msg>
<status status="PASS" endtime="20160919 12:37:05.774" starttime="20160919 12:36:56.202"></status>
</kw>
<kw name="Delete All Cookies" library="Selenium2Library">
<doc>Deletes all cookies.</doc>
<status status="PASS" endtime="20160919 12:37:09.965" starttime="20160919 12:37:05.774"></status>
</kw>
<kw name="Maximize Browser Window" library="Selenium2Library">
<doc>Maximizes current browser window.</doc>
<status status="PASS" endtime="20160919 12:37:11.127" starttime="20160919 12:37:09.965"></status>
</kw>
<kw name="Set Browser Implicit Wait" library="Selenium2Library">
<doc>Sets current browser's implicit wait in seconds.</doc>
<arguments>
<arg>${timeout}</arg>
</arguments>
<status status="PASS" endtime="20160919 12:37:11.133" starttime="20160919 12:37:11.128"></status>
</kw>
<kw name="Set Selenium Timeout" library="Selenium2Library">
<doc>Sets the timeout in seconds used by various keywords.</doc>
<arguments>
<arg>${timeout}</arg>
</arguments>
<status status="PASS" endtime="20160919 12:37:11.139" starttime="20160919 12:37:11.133"></status>
</kw>
<kw name="Set Selenium Implicit Wait" library="Selenium2Library">
<doc>Sets Selenium 2's default implicit wait in seconds and</doc>
<arguments>
<arg>${timeout}</arg>
</arguments>
<status status="PASS" endtime="20160919 12:37:11.144" starttime="20160919 12:37:11.140"></status>
</kw>
<kw name="Comment" library="BuiltIn">
<doc>Displays the given messages in the log file as keyword arguments.</doc>
<arguments>
<arg>SSLCer.certification</arg>
<arg>${appURL}</arg>
</arguments>
<status status="PASS" endtime="20160919 12:37:11.144" starttime="20160919 12:37:11.144"></status>
</kw>
<kw name="Log" library="BuiltIn">
<doc>Logs the given message with the given level.</doc>
<arguments>
<arg>*****Browser Launced Successfully*****</arg>
</arguments>
<msg timestamp="20160919 12:37:11.146" level="INFO">*****Browser Launced Successfully*****</msg>
<status status="PASS" endtime="20160919 12:37:11.147" starttime="20160919 12:37:11.145"></status>
</kw>
<status status="PASS" endtime="20160919 12:37:11.148" starttime="20160919 12:36:56.201"></status>
</kw>
<kw name="navigateToAllBooks" library="amazonPage">
<kw name="Mouse Over" library="Selenium2Library">
<doc>Simulates hovering mouse over the element specified by `locator`.</doc>
<arguments>
<arg>${ShopByCategory}</arg>
</arguments>
<msg timestamp="20160919 12:37:11.149" level="INFO">Simulating Mouse Over on element 'xpath=//span[text()='Category']'</msg>
<status status="PASS" endtime="20160919 12:37:11.234" starttime="20160919 12:37:11.149"></status>
</kw>
<kw name="Wait Until Element Is Visible" library="Selenium2Library">
<doc>Waits until element specified with `locator` is visible.</doc>
<arguments>
<arg>${MouseOverToBooks}</arg>
<arg>${timeout}</arg>
</arguments>
<kw name="Capture Page Screenshot" library="Selenium2Library">
<doc>Takes a screenshot of the current page and embeds it into the log.</doc>
<msg timestamp="20160919 12:37:27.689" level="FAIL">NoSuchWindowException: Message: no such window: target window already closed
from unknown error: web view not found
  (Session info: chrome=53.0.2785.116)
  (Driver info: chromedriver=2.23.409699 (49b0fa931cda1caad0ae15b7d1b68004acd05129),platform=Windows NT 6.3.9600 x86_64)
</msg>
<status status="FAIL" endtime="20160919 12:37:27.690" starttime="20160919 12:37:27.681"></status>
</kw>
<msg timestamp="20160919 12:37:27.690" level="WARN">Keyword 'Capture Page Screenshot' could not be run on failure: NoSuchWindowException: Message: no such window: target window already closed
from unknown error: web view not found
  (Session info: chrome=53.0.2785.116)
  (Driver info: chromedriver=2.23.409699 (49b0fa931cda1caad0ae15b7d1b68004acd05129),platform=Windows NT 6.3.9600 x86_64)
</msg>
<msg timestamp="20160919 12:37:27.695" level="FAIL">NoSuchWindowException: Message: no such window: target window already closed
from unknown error: web view not found
  (Session info: chrome=53.0.2785.116)
  (Driver info: chromedriver=2.23.409699 (49b0fa931cda1caad0ae15b7d1b68004acd05129),platform=Windows NT 6.3.9600 x86_64)
</msg>
<status status="FAIL" endtime="20160919 12:37:27.695" starttime="20160919 12:37:11.234"></status>
</kw>
<status status="FAIL" endtime="20160919 12:37:27.696" starttime="20160919 12:37:11.148"></status>
</kw>
<kw type="teardown" name="Close Browser" library="Selenium2Library">
<doc>Closes the current browser.</doc>
<status status="PASS" endtime="20160919 12:37:30.738" starttime="20160919 12:37:27.697"></status>
</kw>
<status status="FAIL" endtime="20160919 12:37:30.739" critical="yes" starttime="20160919 12:36:56.200">NoSuchWindowException: Message: no such window: target window already closed
from unknown error: web view not found
  (Session info: chrome=53.0.2785.116)
  (Driver info: chromedriver=2.23.409699 (49b0fa931cda1caad0ae15b7d1b68004acd05129),platform=Windows NT 6.3.9600 x86_64)
</status>
</test>
<status status="FAIL" endtime="20160919 12:37:30.742" starttime="20160919 12:36:55.417"></status>
</suite>
<statistics>
<total>
<stat fail="1" pass="0">Critical Tests</stat>
<stat fail="1" pass="0">All Tests</stat>
</total>
<tag>
</tag>
<suite>
<stat fail="1" id="s1" name="amazon Module" pass="0">amazon Module</stat>
</suite>
</statistics>
<errors>
<msg timestamp="20160919 12:37:27.690" level="WARN">Keyword 'Capture Page Screenshot' could not be run on failure: NoSuchWindowException: Message: no such window: target window already closed
from unknown error: web view not found
  (Session info: chrome=53.0.2785.116)
  (Driver info: chromedriver=2.23.409699 (49b0fa931cda1caad0ae15b7d1b68004acd05129),platform=Windows NT 6.3.9600 x86_64)
</msg>
</errors>
</robot>
